# Logfile created on 2014-03-04 11:05:27 -0500 by logger.rb/36483
I, [2014-03-04T11:05:27.058297 #73306]  INFO -- : 0:  rake (10.1.1) from /Users/alpha/.rvm/gems/ruby-2.0.0-p247@block_rails_3/specifications/rake-10.1.1.gemspec
I, [2014-03-04T11:05:27.058822 #73306]  INFO -- : 0:  i18n (0.6.9) from /Users/alpha/.rvm/gems/ruby-2.0.0-p247@block_rails_3/specifications/i18n-0.6.9.gemspec
I, [2014-03-04T11:05:27.059307 #73306]  INFO -- : 0:  minitest (4.7.5) from /Users/alpha/.rvm/gems/ruby-2.0.0-p247@block_rails_3/specifications/minitest-4.7.5.gemspec
I, [2014-03-04T11:05:27.059963 #73306]  INFO -- : 0:  multi_json (1.8.4) from /Users/alpha/.rvm/gems/ruby-2.0.0-p247@block_rails_3/specifications/multi_json-1.8.4.gemspec
I, [2014-03-04T11:05:29.186467 #73306]  INFO -- : 0:  atomic (1.1.15) from /Users/alpha/.rvm/gems/ruby-2.0.0-p247@block_rails_3/specifications/atomic-1.1.15.gemspec
I, [2014-03-04T11:05:30.546534 #73306]  INFO -- : 0:  thread_safe (0.2.0) from /Users/alpha/.rvm/gems/ruby-2.0.0-p247@block_rails_3/specifications/thread_safe-0.2.0.gemspec
I, [2014-03-04T11:05:30.547161 #73306]  INFO -- : 0:  tzinfo (0.3.38) from /Users/alpha/.rvm/gems/ruby-2.0.0-p247@block_rails_3/specifications/tzinfo-0.3.38.gemspec
I, [2014-03-04T11:05:30.547553 #73306]  INFO -- : 0:  activesupport (4.0.2) from /Users/alpha/.rvm/gems/ruby-2.0.0-p247@block_rails_3/specifications/activesupport-4.0.2.gemspec
I, [2014-03-04T11:05:30.547922 #73306]  INFO -- : 0:  builder (3.1.4) from /Users/alpha/.rvm/gems/ruby-2.0.0-p247@block_rails_3/specifications/builder-3.1.4.gemspec
I, [2014-03-04T11:05:30.548334 #73306]  INFO -- : 0:  erubis (2.7.0) from /Users/alpha/.rvm/gems/ruby-2.0.0-p247@block_rails_3/specifications/erubis-2.7.0.gemspec
I, [2014-03-04T11:05:30.548697 #73306]  INFO -- : 0:  rack (1.5.2) from /Users/alpha/.rvm/gems/ruby-2.0.0-p247@block_rails_3/specifications/rack-1.5.2.gemspec
I, [2014-03-04T11:05:30.549113 #73306]  INFO -- : 0:  rack-test (0.6.2) from /Users/alpha/.rvm/gems/ruby-2.0.0-p247@block_rails_3/specifications/rack-test-0.6.2.gemspec
I, [2014-03-04T11:05:30.549492 #73306]  INFO -- : 0:  actionpack (4.0.2) from /Users/alpha/.rvm/gems/ruby-2.0.0-p247@block_rails_3/specifications/actionpack-4.0.2.gemspec
I, [2014-03-04T11:05:30.549848 #73306]  INFO -- : 0:  mime-types (1.25.1) from /Users/alpha/.rvm/gems/ruby-2.0.0-p247@block_rails_3/specifications/mime-types-1.25.1.gemspec
I, [2014-03-04T11:05:30.550205 #73306]  INFO -- : 0:  polyglot (0.3.4) from /Users/alpha/.rvm/gems/ruby-2.0.0-p247@block_rails_3/specifications/polyglot-0.3.4.gemspec
I, [2014-03-04T11:05:30.550562 #73306]  INFO -- : 0:  treetop (1.4.15) from /Users/alpha/.rvm/gems/ruby-2.0.0-p247@block_rails_3/specifications/treetop-1.4.15.gemspec
I, [2014-03-04T11:05:30.550915 #73306]  INFO -- : 0:  mail (2.5.4) from /Users/alpha/.rvm/gems/ruby-2.0.0-p247@block_rails_3/specifications/mail-2.5.4.gemspec
I, [2014-03-04T11:05:30.551310 #73306]  INFO -- : 0:  actionmailer (4.0.2) from /Users/alpha/.rvm/gems/ruby-2.0.0-p247@block_rails_3/specifications/actionmailer-4.0.2.gemspec
I, [2014-03-04T11:05:30.551677 #73306]  INFO -- : 0:  activemodel (4.0.2) from /Users/alpha/.rvm/gems/ruby-2.0.0-p247@block_rails_3/specifications/activemodel-4.0.2.gemspec
I, [2014-03-04T11:05:30.552210 #73306]  INFO -- : 0:  activerecord-deprecated_finders (1.0.3) from /Users/alpha/.rvm/gems/ruby-2.0.0-p247@block_rails_3/specifications/activerecord-deprecated_finders-1.0.3.gemspec
I, [2014-03-04T11:05:30.552756 #73306]  INFO -- : 0:  arel (4.0.2) from /Users/alpha/.rvm/gems/ruby-2.0.0-p247@block_rails_3/specifications/arel-4.0.2.gemspec
I, [2014-03-04T11:05:30.553205 #73306]  INFO -- : 0:  activerecord (4.0.2) from /Users/alpha/.rvm/gems/ruby-2.0.0-p247@block_rails_3/specifications/activerecord-4.0.2.gemspec
I, [2014-03-04T11:05:30.553611 #73306]  INFO -- : 0:  coffee-script-source (1.7.0) from /Users/alpha/.rvm/gems/ruby-2.0.0-p247@block_rails_3/specifications/coffee-script-source-1.7.0.gemspec
I, [2014-03-04T11:05:30.554000 #73306]  INFO -- : 0:  execjs (2.0.2) from /Users/alpha/.rvm/gems/ruby-2.0.0-p247@block_rails_3/specifications/execjs-2.0.2.gemspec
I, [2014-03-04T11:05:30.554528 #73306]  INFO -- : 0:  coffee-script (2.2.0) from /Users/alpha/.rvm/gems/ruby-2.0.0-p247@block_rails_3/specifications/coffee-script-2.2.0.gemspec
I, [2014-03-04T11:05:30.555239 #73306]  INFO -- : 0:  thor (0.18.1) from /Users/alpha/.rvm/gems/ruby-2.0.0-p247@block_rails_3/specifications/thor-0.18.1.gemspec
I, [2014-03-04T11:05:30.555670 #73306]  INFO -- : 0:  railties (4.0.2) from /Users/alpha/.rvm/gems/ruby-2.0.0-p247@block_rails_3/specifications/railties-4.0.2.gemspec
I, [2014-03-04T11:05:30.556161 #73306]  INFO -- : 0:  coffee-rails (4.0.1) from /Users/alpha/.rvm/gems/ruby-2.0.0-p247@block_rails_3/specifications/coffee-rails-4.0.1.gemspec
I, [2014-03-04T11:05:30.556555 #73306]  INFO -- : 0:  hike (1.2.3) from /Users/alpha/.rvm/gems/ruby-2.0.0-p247@block_rails_3/specifications/hike-1.2.3.gemspec
I, [2014-03-04T11:05:30.556958 #73306]  INFO -- : 0:  json (1.8.1) from /Users/alpha/.rvm/gems/ruby-2.0.0-p247@block_rails_3/specifications/json-1.8.1.gemspec
I, [2014-03-04T11:05:30.557308 #73306]  INFO -- : 0:  multi_xml (0.5.5) from /Users/alpha/.rvm/gems/ruby-2.0.0-p247@block_rails_3/specifications/multi_xml-0.5.5.gemspec
I, [2014-03-04T11:05:31.188512 #73306]  INFO -- : 0:  httparty (0.13.0) from /Users/alpha/.rvm/gems/ruby-2.0.0-p247@block_rails_3/specifications/httparty-0.13.0.gemspec
I, [2014-03-04T11:05:31.189117 #73306]  INFO -- : 0:  jbuilder (1.5.3) from /Users/alpha/.rvm/gems/ruby-2.0.0-p247@block_rails_3/specifications/jbuilder-1.5.3.gemspec
I, [2014-03-04T11:05:31.189493 #73306]  INFO -- : 0:  jquery-rails (3.1.0) from /Users/alpha/.rvm/gems/ruby-2.0.0-p247@block_rails_3/specifications/jquery-rails-3.1.0.gemspec
I, [2014-03-04T11:05:31.189919 #73306]  INFO -- : 0:  pg (0.17.1) from /Users/alpha/.rvm/gems/ruby-2.0.0-p247@block_rails_3/specifications/pg-0.17.1.gemspec
I, [2014-03-04T11:05:31.190215 #73306]  INFO -- : 0:  bundler (1.5.1) from /Users/alpha/.rvm/gems/ruby-2.0.0-p247@block_rails_3/specifications/bundler-1.5.1.gemspec
I, [2014-03-04T11:05:31.190579 #73306]  INFO -- : 0:  tilt (1.4.1) from /Users/alpha/.rvm/gems/ruby-2.0.0-p247@block_rails_3/specifications/tilt-1.4.1.gemspec
I, [2014-03-04T11:05:32.193740 #73306]  INFO -- : 0:  sprockets (2.11.0) from /Users/alpha/.rvm/gems/ruby-2.0.0-p247@block_rails_3/specifications/sprockets-2.11.0.gemspec
I, [2014-03-04T11:05:32.194316 #73306]  INFO -- : 0:  sprockets-rails (2.0.1) from /Users/alpha/.rvm/gems/ruby-2.0.0-p247@block_rails_3/specifications/sprockets-rails-2.0.1.gemspec
I, [2014-03-04T11:05:32.194737 #73306]  INFO -- : 0:  rails (4.0.2) from /Users/alpha/.rvm/gems/ruby-2.0.0-p247@block_rails_3/specifications/rails-4.0.2.gemspec
I, [2014-03-04T11:05:32.195131 #73306]  INFO -- : 0:  rdoc (4.1.1) from /Users/alpha/.rvm/gems/ruby-2.0.0-p247@block_rails_3/specifications/rdoc-4.1.1.gemspec
I, [2014-03-04T11:05:32.195502 #73306]  INFO -- : 0:  sass (3.2.14) from /Users/alpha/.rvm/gems/ruby-2.0.0-p247@block_rails_3/specifications/sass-3.2.14.gemspec
I, [2014-03-04T11:05:32.196091 #73306]  INFO -- : 0:  sass-rails (4.0.1) from /Users/alpha/.rvm/gems/ruby-2.0.0-p247@block_rails_3/specifications/sass-rails-4.0.1.gemspec
I, [2014-03-04T11:05:32.196521 #73306]  INFO -- : 0:  sdoc (0.4.0) from /Users/alpha/.rvm/gems/ruby-2.0.0-p247@block_rails_3/specifications/sdoc-0.4.0.gemspec
I, [2014-03-04T11:05:32.197010 #73306]  INFO -- : 0:  turbolinks (2.2.1) from /Users/alpha/.rvm/gems/ruby-2.0.0-p247@block_rails_3/specifications/turbolinks-2.2.1.gemspec
I, [2014-03-04T11:05:32.197418 #73306]  INFO -- : 0:  uglifier (2.4.0) from /Users/alpha/.rvm/gems/ruby-2.0.0-p247@block_rails_3/specifications/uglifier-2.4.0.gemspec
I, [2014-03-04T11:42:42.977551 #74303]  INFO -- : 0:  rake (10.1.1) from /Users/alpha/.rvm/gems/ruby-2.0.0-p247@block_rails_3/specifications/rake-10.1.1.gemspec
I, [2014-03-04T11:42:42.984286 #74303]  INFO -- : 0:  i18n (0.6.9) from /Users/alpha/.rvm/gems/ruby-2.0.0-p247@block_rails_3/specifications/i18n-0.6.9.gemspec
I, [2014-03-04T11:42:42.984620 #74303]  INFO -- : 0:  minitest (4.7.5) from /Users/alpha/.rvm/gems/ruby-2.0.0-p247@block_rails_3/specifications/minitest-4.7.5.gemspec
I, [2014-03-04T11:42:42.984947 #74303]  INFO -- : 0:  multi_json (1.8.4) from /Users/alpha/.rvm/gems/ruby-2.0.0-p247@block_rails_3/specifications/multi_json-1.8.4.gemspec
I, [2014-03-04T11:42:42.985254 #74303]  INFO -- : 0:  atomic (1.1.15) from /Users/alpha/.rvm/gems/ruby-2.0.0-p247@block_rails_3/specifications/atomic-1.1.15.gemspec
I, [2014-03-04T11:42:42.985557 #74303]  INFO -- : 0:  thread_safe (0.2.0) from /Users/alpha/.rvm/gems/ruby-2.0.0-p247@block_rails_3/specifications/thread_safe-0.2.0.gemspec
I, [2014-03-04T11:42:42.985970 #74303]  INFO -- : 0:  tzinfo (0.3.38) from /Users/alpha/.rvm/gems/ruby-2.0.0-p247@block_rails_3/specifications/tzinfo-0.3.38.gemspec
I, [2014-03-04T11:42:42.986352 #74303]  INFO -- : 0:  activesupport (4.0.2) from /Users/alpha/.rvm/gems/ruby-2.0.0-p247@block_rails_3/specifications/activesupport-4.0.2.gemspec
I, [2014-03-04T11:42:42.986717 #74303]  INFO -- : 0:  builder (3.1.4) from /Users/alpha/.rvm/gems/ruby-2.0.0-p247@block_rails_3/specifications/builder-3.1.4.gemspec
I, [2014-03-04T11:42:42.987146 #74303]  INFO -- : 0:  erubis (2.7.0) from /Users/alpha/.rvm/gems/ruby-2.0.0-p247@block_rails_3/specifications/erubis-2.7.0.gemspec
I, [2014-03-04T11:42:42.987527 #74303]  INFO -- : 0:  rack (1.5.2) from /Users/alpha/.rvm/gems/ruby-2.0.0-p247@block_rails_3/specifications/rack-1.5.2.gemspec
I, [2014-03-04T11:42:42.987901 #74303]  INFO -- : 0:  rack-test (0.6.2) from /Users/alpha/.rvm/gems/ruby-2.0.0-p247@block_rails_3/specifications/rack-test-0.6.2.gemspec
I, [2014-03-04T11:42:42.988249 #74303]  INFO -- : 0:  actionpack (4.0.2) from /Users/alpha/.rvm/gems/ruby-2.0.0-p247@block_rails_3/specifications/actionpack-4.0.2.gemspec
I, [2014-03-04T11:42:42.988623 #74303]  INFO -- : 0:  mime-types (1.25.1) from /Users/alpha/.rvm/gems/ruby-2.0.0-p247@block_rails_3/specifications/mime-types-1.25.1.gemspec
I, [2014-03-04T11:42:42.988985 #74303]  INFO -- : 0:  polyglot (0.3.4) from /Users/alpha/.rvm/gems/ruby-2.0.0-p247@block_rails_3/specifications/polyglot-0.3.4.gemspec
I, [2014-03-04T11:42:42.989373 #74303]  INFO -- : 0:  treetop (1.4.15) from /Users/alpha/.rvm/gems/ruby-2.0.0-p247@block_rails_3/specifications/treetop-1.4.15.gemspec
I, [2014-03-04T11:42:42.989726 #74303]  INFO -- : 0:  mail (2.5.4) from /Users/alpha/.rvm/gems/ruby-2.0.0-p247@block_rails_3/specifications/mail-2.5.4.gemspec
I, [2014-03-04T11:42:42.990199 #74303]  INFO -- : 0:  actionmailer (4.0.2) from /Users/alpha/.rvm/gems/ruby-2.0.0-p247@block_rails_3/specifications/actionmailer-4.0.2.gemspec
I, [2014-03-04T11:42:42.990703 #74303]  INFO -- : 0:  activemodel (4.0.2) from /Users/alpha/.rvm/gems/ruby-2.0.0-p247@block_rails_3/specifications/activemodel-4.0.2.gemspec
I, [2014-03-04T11:42:42.991103 #74303]  INFO -- : 0:  activerecord-deprecated_finders (1.0.3) from /Users/alpha/.rvm/gems/ruby-2.0.0-p247@block_rails_3/specifications/activerecord-deprecated_finders-1.0.3.gemspec
I, [2014-03-04T11:42:42.991485 #74303]  INFO -- : 0:  arel (4.0.2) from /Users/alpha/.rvm/gems/ruby-2.0.0-p247@block_rails_3/specifications/arel-4.0.2.gemspec
I, [2014-03-04T11:42:42.991972 #74303]  INFO -- : 0:  activerecord (4.0.2) from /Users/alpha/.rvm/gems/ruby-2.0.0-p247@block_rails_3/specifications/activerecord-4.0.2.gemspec
I, [2014-03-04T11:42:42.992488 #74303]  INFO -- : 0:  bundler (1.5.1) from /Users/alpha/.rvm/gems/ruby-2.0.0-p247@block_rails_3/specifications/bundler-1.5.1.gemspec
I, [2014-03-04T11:42:42.992995 #74303]  INFO -- : 0:  coffee-script-source (1.7.0) from /Users/alpha/.rvm/gems/ruby-2.0.0-p247@block_rails_3/specifications/coffee-script-source-1.7.0.gemspec
I, [2014-03-04T11:42:42.993366 #74303]  INFO -- : 0:  execjs (2.0.2) from /Users/alpha/.rvm/gems/ruby-2.0.0-p247@block_rails_3/specifications/execjs-2.0.2.gemspec
I, [2014-03-04T11:42:42.993776 #74303]  INFO -- : 0:  coffee-script (2.2.0) from /Users/alpha/.rvm/gems/ruby-2.0.0-p247@block_rails_3/specifications/coffee-script-2.2.0.gemspec
I, [2014-03-04T11:42:42.994350 #74303]  INFO -- : 0:  thor (0.18.1) from /Users/alpha/.rvm/gems/ruby-2.0.0-p247@block_rails_3/specifications/thor-0.18.1.gemspec
I, [2014-03-04T11:42:42.995037 #74303]  INFO -- : 0:  railties (4.0.2) from /Users/alpha/.rvm/gems/ruby-2.0.0-p247@block_rails_3/specifications/railties-4.0.2.gemspec
I, [2014-03-04T11:42:42.995489 #74303]  INFO -- : 0:  coffee-rails (4.0.1) from /Users/alpha/.rvm/gems/ruby-2.0.0-p247@block_rails_3/specifications/coffee-rails-4.0.1.gemspec
I, [2014-03-04T11:42:42.995921 #74303]  INFO -- : 0:  hike (1.2.3) from /Users/alpha/.rvm/gems/ruby-2.0.0-p247@block_rails_3/specifications/hike-1.2.3.gemspec
I, [2014-03-04T11:42:42.996313 #74303]  INFO -- : 0:  json (1.8.1) from /Users/alpha/.rvm/gems/ruby-2.0.0-p247@block_rails_3/specifications/json-1.8.1.gemspec
I, [2014-03-04T11:42:42.996678 #74303]  INFO -- : 0:  multi_xml (0.5.5) from /Users/alpha/.rvm/gems/ruby-2.0.0-p247@block_rails_3/specifications/multi_xml-0.5.5.gemspec
I, [2014-03-04T11:42:42.997058 #74303]  INFO -- : 0:  httparty (0.13.0) from /Users/alpha/.rvm/gems/ruby-2.0.0-p247@block_rails_3/specifications/httparty-0.13.0.gemspec
I, [2014-03-04T11:42:42.997543 #74303]  INFO -- : 0:  jbuilder (1.5.3) from /Users/alpha/.rvm/gems/ruby-2.0.0-p247@block_rails_3/specifications/jbuilder-1.5.3.gemspec
I, [2014-03-04T11:42:42.997918 #74303]  INFO -- : 0:  jquery-rails (3.1.0) from /Users/alpha/.rvm/gems/ruby-2.0.0-p247@block_rails_3/specifications/jquery-rails-3.1.0.gemspec
I, [2014-03-04T11:42:42.998270 #74303]  INFO -- : 0:  pg (0.17.1) from /Users/alpha/.rvm/gems/ruby-2.0.0-p247@block_rails_3/specifications/pg-0.17.1.gemspec
I, [2014-03-04T11:42:42.998625 #74303]  INFO -- : 0:  tilt (1.4.1) from /Users/alpha/.rvm/gems/ruby-2.0.0-p247@block_rails_3/specifications/tilt-1.4.1.gemspec
I, [2014-03-04T11:42:42.998989 #74303]  INFO -- : 0:  sprockets (2.11.0) from /Users/alpha/.rvm/gems/ruby-2.0.0-p247@block_rails_3/specifications/sprockets-2.11.0.gemspec
I, [2014-03-04T11:42:42.999339 #74303]  INFO -- : 0:  sprockets-rails (2.0.1) from /Users/alpha/.rvm/gems/ruby-2.0.0-p247@block_rails_3/specifications/sprockets-rails-2.0.1.gemspec
I, [2014-03-04T11:42:42.999692 #74303]  INFO -- : 0:  rails (4.0.2) from /Users/alpha/.rvm/gems/ruby-2.0.0-p247@block_rails_3/specifications/rails-4.0.2.gemspec
I, [2014-03-04T11:42:44.016614 #74303]  INFO -- : 0:  rails_serve_static_assets (0.0.2) from /Users/alpha/.rvm/gems/ruby-2.0.0-p247@block_rails_3/specifications/rails_serve_static_assets-0.0.2.gemspec
I, [2014-03-04T11:42:45.219978 #74303]  INFO -- : 0:  rails_stdout_logging (0.0.3) from /Users/alpha/.rvm/gems/ruby-2.0.0-p247@block_rails_3/specifications/rails_stdout_logging-0.0.3.gemspec
I, [2014-03-04T11:42:46.013813 #74303]  INFO -- : 0:  rails_12factor (0.0.2) from /Users/alpha/.rvm/gems/ruby-2.0.0-p247@block_rails_3/specifications/rails_12factor-0.0.2.gemspec
I, [2014-03-04T11:42:46.014580 #74303]  INFO -- : 0:  rdoc (4.1.1) from /Users/alpha/.rvm/gems/ruby-2.0.0-p247@block_rails_3/specifications/rdoc-4.1.1.gemspec
I, [2014-03-04T11:42:46.015094 #74303]  INFO -- : 0:  sass (3.2.14) from /Users/alpha/.rvm/gems/ruby-2.0.0-p247@block_rails_3/specifications/sass-3.2.14.gemspec
I, [2014-03-04T11:42:46.015496 #74303]  INFO -- : 0:  sass-rails (4.0.1) from /Users/alpha/.rvm/gems/ruby-2.0.0-p247@block_rails_3/specifications/sass-rails-4.0.1.gemspec
I, [2014-03-04T11:42:46.015879 #74303]  INFO -- : 0:  sdoc (0.4.0) from /Users/alpha/.rvm/gems/ruby-2.0.0-p247@block_rails_3/specifications/sdoc-0.4.0.gemspec
I, [2014-03-04T11:42:46.016431 #74303]  INFO -- : 0:  turbolinks (2.2.1) from /Users/alpha/.rvm/gems/ruby-2.0.0-p247@block_rails_3/specifications/turbolinks-2.2.1.gemspec
I, [2014-03-04T11:42:46.016915 #74303]  INFO -- : 0:  uglifier (2.4.0) from /Users/alpha/.rvm/gems/ruby-2.0.0-p247@block_rails_3/specifications/uglifier-2.4.0.gemspec
